2020-11-11 06:30:09.032  INFO 35528 --- [restartedMain] com.center.tool.Application              : Starting Application on TNGD-TECH-PWC with PID 35528 (C:\Users\000102\Desktop\24\target\classes started by 000102 in C:\Users\000102\Desktop\24)
2020-11-11 06:30:09.040  INFO 35528 --- [restartedMain] com.center.tool.Application              : No active profile set, falling back to default profiles: default
2020-11-11 06:30:09.192  INFO 35528 --- [restartedMain] .e.DevToolsPropertyDefaultsPostProcessor : Devtools property defaults active! Set 'spring.devtools.add-properties' to 'false' to disable
2020-11-11 06:30:09.193  INFO 35528 --- [restartedMain] .e.DevToolsPropertyDefaultsPostProcessor : For additional web related logging consider setting the 'logging.level.web' property to 'DEBUG'
2020-11-11 06:30:11.891  INFO 35528 --- [restartedMain] .s.d.r.c.RepositoryConfigurationDelegate : Bootstrapping Spring Data JPA repositories in DEFAULT mode.
2020-11-11 06:30:12.085  INFO 35528 --- [restartedMain] .s.d.r.c.RepositoryConfigurationDelegate : Finished Spring Data repository scanning in 171ms. Found 0 JPA repository interfaces.
2020-11-11 06:30:14.094  INFO 35528 --- [restartedMain] o.s.b.w.embedded.tomcat.TomcatWebServer  : Tomcat initialized with port(s): 8080 (http)
2020-11-11 06:30:14.124  INFO 35528 --- [restartedMain] o.apache.catalina.core.StandardService   : Starting service [Tomcat]
2020-11-11 06:30:14.128  INFO 35528 --- [restartedMain] org.apache.catalina.core.StandardEngine  : Starting Servlet engine: [Apache Tomcat/9.0.39]
2020-11-11 06:30:14.945  INFO 35528 --- [restartedMain] o.a.c.c.C.[Tomcat].[localhost].[/]       : Initializing Spring embedded WebApplicationContext
2020-11-11 06:30:14.946  INFO 35528 --- [restartedMain] w.s.c.ServletWebServerApplicationContext : Root WebApplicationContext: initialization completed in 5751 ms
2020-11-11 06:30:15.497  INFO 35528 --- [restartedMain] com.zaxxer.hikari.HikariDataSource       : HikariPool-1 - Starting...
2020-11-11 06:30:16.358  INFO 35528 --- [restartedMain] com.zaxxer.hikari.HikariDataSource       : HikariPool-1 - Start completed.
2020-11-11 06:30:16.535  INFO 35528 --- [restartedMain] o.hibernate.jpa.internal.util.LogHelper  : HHH000204: Processing PersistenceUnitInfo [name: default]
2020-11-11 06:30:16.758  INFO 35528 --- [restartedMain] org.hibernate.Version                    : HHH000412: Hibernate ORM core version 5.4.22.Final
2020-11-11 06:30:17.047  INFO 35528 --- [restartedMain] o.hibernate.annotations.common.Version   : HCANN000001: Hibernate Commons Annotations {5.1.0.Final}
2020-11-11 06:30:17.315  INFO 35528 --- [restartedMain] org.hibernate.dialect.Dialect            : HHH000400: Using dialect: org.hibernate.dialect.MySQL57Dialect
2020-11-11 06:30:17.638  INFO 35528 --- [restartedMain] o.h.e.t.j.p.i.JtaPlatformInitiator       : HHH000490: Using JtaPlatform implementation: [org.hibernate.engine.transaction.jta.platform.internal.NoJtaPlatform]
2020-11-11 06:30:17.659  INFO 35528 --- [restartedMain] j.LocalContainerEntityManagerFactoryBean : Initialized JPA EntityManagerFactory for persistence unit 'default'
2020-11-11 06:30:18.309  WARN 35528 --- [restartedMain] JpaBaseConfiguration$JpaWebConfiguration : spring.jpa.open-in-view is enabled by default. Therefore, database queries may be performed during view rendering. Explicitly configure spring.jpa.open-in-view to disable this warning
2020-11-11 06:30:18.537  INFO 35528 --- [restartedMain] o.s.s.concurrent.ThreadPoolTaskExecutor  : Initializing ExecutorService 'applicationTaskExecutor'
2020-11-11 06:30:19.714  INFO 35528 --- [restartedMain] o.s.b.d.a.OptionalLiveReloadServer       : LiveReload server is running on port 35729
2020-11-11 06:30:19.734  INFO 35528 --- [restartedMain] o.s.b.a.e.web.EndpointLinksResolver      : Exposing 2 endpoint(s) beneath base path '/actuator'
2020-11-11 06:30:19.921  INFO 35528 --- [restartedMain] o.s.b.w.embedded.tomcat.TomcatWebServer  : Tomcat started on port(s): 8080 (http) with context path ''
2020-11-11 06:30:19.952  INFO 35528 --- [restartedMain] com.center.tool.Application              : Started Application in 11.949 seconds (JVM running for 18.199)
2020-11-11 06:30:25.670  INFO 35528 --- [http-nio-8080-exec-1] o.a.c.c.C.[Tomcat].[localhost].[/]       : Initializing Spring DispatcherServlet 'dispatcherServlet'
2020-11-11 06:30:25.672  INFO 35528 --- [http-nio-8080-exec-1] o.s.web.servlet.DispatcherServlet        : Initializing Servlet 'dispatcherServlet'
2020-11-11 06:30:25.697  INFO 35528 --- [http-nio-8080-exec-1] o.s.web.servlet.DispatcherServlet        : Completed initialization in 24 ms
2020-11-11 06:30:25.981  INFO 35528 --- [http-nio-8080-exec-1] BIZ_HTTP                                 : TestControllerRequest - {"type":"1"}
2020-11-11 06:30:26.402  INFO 35528 --- [http-nio-8080-exec-1] BIZ_HTTP                                 : TestControllerResponse - {"productList":{"productsList":[{"itemImgPath":"https://storage.googleapis.com/24-workspace/merchant/1038/item/bigbreakfast.png","itemName":"Big Breakfast","itemPrice":"25"},{"itemImgPath":"https://storage.googleapis.com/24-workspace/merchant/1038/item/crispytoufu.png","itemName":"Crispy Toufu","itemPrice":"30"},{"itemImgPath":"https://storage.googleapis.com/24-workspace/merchant/1038/item/dongpopork.png","itemName":"DongPo Pork","itemPrice":"35"},{"itemImgPath":"https://storage.googleapis.com/24-workspace/merchant/1038/item/chocolatecake.png","itemName":"Chocolate cake","itemPrice":"12"},{"itemImgPath":"https://storage.googleapis.com/24-workspace/merchant/1038/item/fishandchips.png","itemName":"Fish and Chips","itemPrice":"46"},{"itemImgPath":"https://storage.googleapis.com/24-workspace/merchant/1038/item/hambugsteak.png","itemName":"Hamburg Steak","itemPrice":"32"},{"itemImgPath":"https://storage.googleapis.com/24-workspace/merchant/1038/item/highball.png","itemName":"HighBall","itemPrice":"95"},{"itemImgPath":"https://storage.googleapis.com/24-workspace/merchant/1038/item/kongpaochicken.png","itemName":"KongPao Chichken","itemPrice":"32"},{"itemImgPath":"https://storage.googleapis.com/24-workspace/merchant/1038/item/meekolok.png","itemName":"Mee Kolok","itemPrice":"75"}]}}
